<?xml version="1.0" encoding="UTF-8"?>
<!-- Generated by org.testng.reporters.JUnitXMLReporter -->
<testsuite ignored="2" hostname="IBM-PF32XR77" failures="0" tests="2" name="Surefire test" time="29.855" errors="0" timestamp="2023-08-02T11:12:34 IST">
  <testcase classname="tests.CustomerLoginTest" name="LoginFeature" time="8.125"/>
  <testcase classname="tests.CustomerLoginTest" name="searchCustomer" time="9.314"/>
  <testcase classname="tests.MainTest" name="@AfterTest closeApp" time="0.0">
    <ignored/>
  </testcase> <!-- @AfterTest closeApp -->
  <testcase classname="tests.MainTest" name="@BeforeTest launchApp" time="0.0">
    <ignored/>
  </testcase> <!-- @BeforeTest launchApp -->
</testsuite> <!-- Surefire test -->
