<?xml version="1.0" encoding="UTF-8"?>
<!-- Generated by org.testng.reporters.JUnitXMLReporter -->
<testsuite ignored="2" hostname="IBM-PF32XR77" failures="0" tests="2" name="Default test" time="27.649" errors="0" timestamp="2023-08-03T00:59:10 IST">
  <testcase classname="tests.CustomerLoginTest" name="LoginFeature" time="10.756"/>
  <testcase classname="tests.CustomerLoginTest" name="searchCustomer" time="7.31"/>
  <testcase classname="tests.MainTest" name="@AfterTest closeApp" time="0.0">
    <ignored/>
  </testcase> <!-- @AfterTest closeApp -->
  <testcase classname="tests.MainTest" name="@BeforeTest launchApp" time="0.0">
    <ignored/>
  </testcase> <!-- @BeforeTest launchApp -->
</testsuite> <!-- Default test -->
