<?xml version="1.0" encoding="UTF-8"?>
<testng-results ignored="2" total="4" passed="2" failed="0" skipped="0">
  <reporter-output>
  </reporter-output>
  <suite started-at="2023-08-03T00:58:43 IST" name="Default suite" finished-at="2023-08-03T00:59:10 IST" duration-ms="27649">
    <groups>
    </groups>
    <test started-at="2023-08-03T00:58:43 IST" name="Default test" finished-at="2023-08-03T00:59:10 IST" duration-ms="27649">
      <class name="tests.CustomerLoginTest">
        <test-method is-config="true" signature="launchApp()[pri:0, instance:tests.CustomerLoginTest@f0da945]" started-at="2023-08-03T00:58:43 IST" name="launchApp" finished-at="2023-08-03T00:58:52 IST" duration-ms="9411" status="PASS">
          <reporter-output>
          </reporter-output>
        </test-method> <!-- launchApp -->
        <test-method signature="LoginFeature()[pri:0, instance:tests.CustomerLoginTest@f0da945]" started-at="2023-08-03T00:58:52 IST" name="LoginFeature" finished-at="2023-08-03T00:59:03 IST" duration-ms="10756" status="PASS">
          <reporter-output>
          </reporter-output>
        </test-method> <!-- LoginFeature -->
        <test-method signature="searchCustomer(java.lang.String,java.lang.String)[pri:1, instance:tests.CustomerLoginTest@f0da945]" started-at="2023-08-03T00:59:03 IST" name="searchCustomer" data-provider="newSearch" finished-at="2023-08-03T00:59:10 IST" duration-ms="7310" status="PASS">
          <params>
            <param index="0">
              <value>
                <![CDATA[Virat]]>
              </value>
            </param>
            <param index="1">
              <value>
                <![CDATA[Kohli]]>
              </value>
            </param>
          </params>
          <reporter-output>
          </reporter-output>
        </test-method> <!-- searchCustomer -->
        <test-method is-config="true" signature="closeApp()[pri:0, instance:tests.CustomerLoginTest@f0da945]" started-at="2023-08-03T00:59:10 IST" name="closeApp" finished-at="2023-08-03T00:59:10 IST" duration-ms="135" status="PASS">
          <reporter-output>
          </reporter-output>
        </test-method> <!-- closeApp -->
      </class> <!-- tests.CustomerLoginTest -->
    </test> <!-- Default test -->
  </suite> <!-- Default suite -->
</testng-results>
